 ****** PrimeSim HSPICE -- R-2020.12-SP1 linux64 (Apr 10 2021 6983340) ******
  Copyright (c) 1986 - 2021 by Synopsys, Inc. All Rights Reserved.
  This software and the associated documentation are proprietary
  to Synopsys, Inc. This software may only be used in accordance
  with the terms and conditions of a written license agreement with
  Synopsys, Inc. All other use, reproduction, or distribution of
  this software is strictly prohibited.
  Input File: testbench/column.sp                                               
  Command line options: /usr/synopsys/hspice/R-2020.12-SP1/hspice/linux64/hspice -i testbench/column.sp -o output/column.lis
  Start time: Wed Jun 30 17:13:29 2021
 lic:  
 lic: FLEXlm: SDK_12.9.5 
 lic: USER:   jun                  HOSTNAME: DTFL-workstation 
 lic: HOSTID: "3cecef285064"       PID:      4233 
 lic: Feature start date is in the future. Feature:       hspice License path:  27020@DTFL-workstation: FlexNet Licensing error:
 lic: Using FLEXlm license files: 
 lic: 27020@DTFL-workstation 
 lic: Unable to checkout (hspice) 
 lic:   
           job total runtime         0.00 seconds


 lic: total license checkout elapse time:        0.23(s)
